Using pre-set license
Built from '2020.3/staging' branch; Version is '2020.3.5f1 (8095aa901b9b) revision 8426922'; Using compiler version '192528614'; Build Type 'Release'
OS: 'Windows 10 Home Single Language; OS build 19041.928; Version 2004; 64bit' Language: 'en' Physical Memory: 8075 MB
BatchMode: 1, IsHumanControllingUs: 0, StartBugReporterOnCrash: 0, Is64bit: 1, IsPro: 0

 COMMAND LINE ARGUMENTS:
C:\Program Files\Unity\Hub\Editor\2020.3.5f1\Editor\Unity.exe
-adb2
-batchMode
-noUpm
-name
AssetImportWorker0
-projectPath
C:/Users/user/Documents/tutorial unity/KidoGame
-logFile
Logs/AssetImportWorker0.log
-srvPort
52963
Successfully changed project path to: C:/Users/user/Documents/tutorial unity/KidoGame
C:/Users/user/Documents/tutorial unity/KidoGame
Using Asset Import Pipeline V2.
Refreshing native plugins compatible for Editor in 34.54 ms, found 0 plugins.
Preloading 0 native plugins for Editor in 0.00 ms.
Initialize engine version: 2020.3.5f1 (8095aa901b9b)
[Subsystems] Discovering subsystems at path C:/Program Files/Unity/Hub/Editor/2020.3.5f1/Editor/Data/Resources/UnitySubsystems
[Subsystems] Discovering subsystems at path C:/Users/user/Documents/tutorial unity/KidoGame/Assets
GfxDevice: creating device client; threaded=0
Direct3D:
    Version:  Direct3D 11.0 [level 11.1]
    Renderer: NVIDIA GeForce GTX 1050 (ID=0x1c8d)
    Vendor:   
    VRAM:     1977 MB
    Driver:   24.21.13.9931
Initialize mono
Mono path[0] = 'C:/Program Files/Unity/Hub/Editor/2020.3.5f1/Editor/Data/Managed'
Mono path[1] = 'C:/Program Files/Unity/Hub/Editor/2020.3.5f1/Editor/Data/MonoBleedingEdge/lib/mono/unityjit'
Mono config path = 'C:/Program Files/Unity/Hub/Editor/2020.3.5f1/Editor/Data/MonoBleedingEdge/etc'
Using monoOptions --debugger-agent=transport=dt_socket,embedding=1,server=y,suspend=n,address=127.0.0.1:56224
Begin MonoManager ReloadAssembly
Registering precompiled unity dll's ...
Register platform support module: C:/Program Files/Unity/Hub/Editor/2020.3.5f1/Editor/Data/PlaybackEngines/WindowsStandaloneSupport/UnityEditor.WindowsStandalone.Extensions.dll
Registered in 0.002920 seconds.
Native extension for WindowsStandalone target not found
Refreshing native plugins compatible for Editor in 33.12 ms, found 0 plugins.
Preloading 0 native plugins for Editor in 0.00 ms.
Mono: successfully reloaded assembly
- Completed reload, in  1.519 seconds
Platform modules already initialized, skipping
Registering precompiled user dll's ...
Registered in 0.000973 seconds.
Begin MonoManager ReloadAssembly
Native extension for WindowsStandalone target not found
Refreshing native plugins compatible for Editor in 0.23 ms, found 0 plugins.
Preloading 0 native plugins for Editor in 0.00 ms.
Mono: successfully reloaded assembly
- Completed reload, in  1.206 seconds
Platform modules already initialized, skipping
========================================================================
Worker process is ready to serve import requests
Launched and connected shader compiler UnityShaderCompiler.exe after 0.06 seconds
Refreshing native plugins compatible for Editor in 0.24 ms, found 0 plugins.
Preloading 0 native plugins for Editor in 0.00 ms.
Unloading 1120 Unused Serialized files (Serialized files now loaded: 0)
System memory in use before: 58.0 MB.
System memory in use after: 58.0 MB.

Unloading 10 unused Assets to reduce memory usage. Loaded Objects now: 1567.
Total: 5.023600 ms (FindLiveObjects: 2.001800 ms CreateObjectMapping: 0.459200 ms MarkObjects: 2.465200 ms  DeleteObjects: 0.095700 ms)

========================================================================
Received Import Request.
  path: Assets/mario.mp3
  artifactKey: Guid(26f52272e5954b541820ac75bfb378ff) Importer(815301076,1909f56bfc062723c751e8b465ee728b)
Start importing Assets/mario.mp3 using Guid(26f52272e5954b541820ac75bfb378ff) Importer(815301076,1909f56bfc062723c751e8b465ee728b)  -> (artifact id: 'b2dc497d7b74801db037ac8dedbb16ad') in 0.147688 seconds
  Import took 0.150759 seconds .

========================================================================
Received Import Request.
  Time since last request: 370.499421 seconds.
  path: Assets/Manager.cs
  artifactKey: Guid(b9a6bc59a57397f4c8cb5467816cd1ec) Importer(815301076,1909f56bfc062723c751e8b465ee728b)
Start importing Assets/Manager.cs using Guid(b9a6bc59a57397f4c8cb5467816cd1ec) Importer(815301076,1909f56bfc062723c751e8b465ee728b)  -> (artifact id: 'e9e14a339877af19506f23c30d1ed1d2') in 0.017293 seconds
  Import took 0.021048 seconds .

========================================================================
Received Prepare
Registering precompiled user dll's ...
Registered in 0.001129 seconds.
Begin MonoManager ReloadAssembly
Native extension for WindowsStandalone target not found
Refreshing native plugins compatible for Editor in 0.21 ms, found 0 plugins.
Preloading 0 native plugins for Editor in 0.00 ms.
Mono: successfully reloaded assembly
- Completed reload, in  1.137 seconds
Platform modules already initialized, skipping
Refreshing native plugins compatible for Editor in 0.32 ms, found 0 plugins.
Preloading 0 native plugins for Editor in 0.00 ms.
Unloading 1115 Unused Serialized files (Serialized files now loaded: 0)
System memory in use before: 61.0 MB.
System memory in use after: 61.1 MB.

Unloading 5 unused Assets to reduce memory usage. Loaded Objects now: 1579.
Total: 2.206000 ms (FindLiveObjects: 0.220900 ms CreateObjectMapping: 0.067100 ms MarkObjects: 1.832800 ms  DeleteObjects: 0.083000 ms)

========================================================================
Received Import Request.
  Time since last request: 22.967210 seconds.
  path: Assets/Manager.cs
  artifactKey: Guid(b9a6bc59a57397f4c8cb5467816cd1ec) Importer(815301076,1909f56bfc062723c751e8b465ee728b)
Start importing Assets/Manager.cs using Guid(b9a6bc59a57397f4c8cb5467816cd1ec) Importer(815301076,1909f56bfc062723c751e8b465ee728b)  -> (artifact id: '11215569be6c8932060eeeef022b9205') in 0.008188 seconds
  Import took 0.012736 seconds .

========================================================================
Received Prepare
Registering precompiled user dll's ...
Registered in 0.000749 seconds.
Begin MonoManager ReloadAssembly
Native extension for WindowsStandalone target not found
Refreshing native plugins compatible for Editor in 0.30 ms, found 0 plugins.
Preloading 0 native plugins for Editor in 0.00 ms.
Mono: successfully reloaded assembly
- Completed reload, in  0.926 seconds
Platform modules already initialized, skipping
Refreshing native plugins compatible for Editor in 0.24 ms, found 0 plugins.
Preloading 0 native plugins for Editor in 0.00 ms.
Unloading 1115 Unused Serialized files (Serialized files now loaded: 0)
System memory in use before: 61.1 MB.
System memory in use after: 61.1 MB.

Unloading 5 unused Assets to reduce memory usage. Loaded Objects now: 1582.
Total: 2.891400 ms (FindLiveObjects: 0.168900 ms CreateObjectMapping: 0.062700 ms MarkObjects: 2.591500 ms  DeleteObjects: 0.066900 ms)

========================================================================
Received Import Request.
  Time since last request: 810.420433 seconds.
  path: Assets/maro-jump-sound-effect_1.mp3
  artifactKey: Guid(bab4552a45800fa4eb45cbddc73b212a) Importer(815301076,1909f56bfc062723c751e8b465ee728b)
Start importing Assets/maro-jump-sound-effect_1.mp3 using Guid(bab4552a45800fa4eb45cbddc73b212a) Importer(815301076,1909f56bfc062723c751e8b465ee728b)  -> (artifact id: '55e0842e1c07aadd3a3a54853e8c3d06') in 0.080922 seconds
  Import took 0.085372 seconds .

========================================================================
Received Prepare
Registering precompiled user dll's ...
Registered in 0.000946 seconds.
Begin MonoManager ReloadAssembly
Native extension for WindowsStandalone target not found
Refreshing native plugins compatible for Editor in 0.24 ms, found 0 plugins.
Preloading 0 native plugins for Editor in 0.00 ms.
Mono: successfully reloaded assembly
- Completed reload, in  2.495 seconds
Platform modules already initialized, skipping
Refreshing native plugins compatible for Editor in 0.24 ms, found 0 plugins.
Preloading 0 native plugins for Editor in 0.00 ms.
Unloading 1115 Unused Serialized files (Serialized files now loaded: 0)
System memory in use before: 61.1 MB.
System memory in use after: 61.2 MB.

Unloading 5 unused Assets to reduce memory usage. Loaded Objects now: 1586.
Total: 2.047500 ms (FindLiveObjects: 0.150200 ms CreateObjectMapping: 0.044900 ms MarkObjects: 1.791200 ms  DeleteObjects: 0.060000 ms)

========================================================================
Received Prepare
Registering precompiled user dll's ...
Registered in 0.000836 seconds.
Begin MonoManager ReloadAssembly
Native extension for WindowsStandalone target not found
Refreshing native plugins compatible for Editor in 0.25 ms, found 0 plugins.
Preloading 0 native plugins for Editor in 0.00 ms.
Mono: successfully reloaded assembly
- Completed reload, in  1.062 seconds
Platform modules already initialized, skipping
Refreshing native plugins compatible for Editor in 0.26 ms, found 0 plugins.
Preloading 0 native plugins for Editor in 0.00 ms.
Unloading 1115 Unused Serialized files (Serialized files now loaded: 0)
System memory in use before: 61.1 MB.
System memory in use after: 61.2 MB.

Unloading 5 unused Assets to reduce memory usage. Loaded Objects now: 1589.
Total: 1.989600 ms (FindLiveObjects: 0.156900 ms CreateObjectMapping: 0.048100 ms MarkObjects: 1.716700 ms  DeleteObjects: 0.066000 ms)

========================================================================
Received Prepare
Registering precompiled user dll's ...
Registered in 0.000753 seconds.
Begin MonoManager ReloadAssembly
Native extension for WindowsStandalone target not found
Refreshing native plugins compatible for Editor in 0.98 ms, found 0 plugins.
Preloading 0 native plugins for Editor in 0.00 ms.
Mono: successfully reloaded assembly
- Completed reload, in  2.955 seconds
Platform modules already initialized, skipping
Refreshing native plugins compatible for Editor in 0.22 ms, found 0 plugins.
Preloading 0 native plugins for Editor in 0.00 ms.
Unloading 1115 Unused Serialized files (Serialized files now loaded: 0)
System memory in use before: 61.1 MB.
System memory in use after: 61.2 MB.

Unloading 5 unused Assets to reduce memory usage. Loaded Objects now: 1592.
Total: 2.093300 ms (FindLiveObjects: 0.223300 ms CreateObjectMapping: 0.147000 ms MarkObjects: 1.648400 ms  DeleteObjects: 0.072600 ms)

========================================================================
Received Import Request.
  Time since last request: 749.547977 seconds.
  path: Assets/Mario-coin-sound.mp3
  artifactKey: Guid(938d10094712b5e4dbf7e5f8eeb4d2b9) Importer(815301076,1909f56bfc062723c751e8b465ee728b)
Start importing Assets/Mario-coin-sound.mp3 using Guid(938d10094712b5e4dbf7e5f8eeb4d2b9) Importer(815301076,1909f56bfc062723c751e8b465ee728b)  -> (artifact id: '9bbe96b1b0503a04828abfb1bb73a45b') in 0.082733 seconds
  Import took 0.087616 seconds .

========================================================================
Received Import Request.
  Time since last request: 56.166809 seconds.
  path: Assets/Coin.prefab
  artifactKey: Guid(5e5693e3913a3c845bca6ea2158757e6) Importer(815301076,1909f56bfc062723c751e8b465ee728b)
Start importing Assets/Coin.prefab using Guid(5e5693e3913a3c845bca6ea2158757e6) Importer(815301076,1909f56bfc062723c751e8b465ee728b)  -> (artifact id: '1d082e8e50af989596c9541e86268e1f') in 0.058447 seconds
  Import took 0.061665 seconds .

========================================================================
Received Import Request.
  Time since last request: 2.066223 seconds.
  path: Assets/Coin.prefab
  artifactKey: Guid(5e5693e3913a3c845bca6ea2158757e6) Importer(815301076,1909f56bfc062723c751e8b465ee728b)
Start importing Assets/Coin.prefab using Guid(5e5693e3913a3c845bca6ea2158757e6) Importer(815301076,1909f56bfc062723c751e8b465ee728b)  -> (artifact id: '15dd8bed3c6bbd197c107ffafa99bf9d') in 0.025099 seconds
  Import took 0.030205 seconds .

========================================================================
Received Import Request.
  Time since last request: 0.006824 seconds.
  path: Assets/Coin.prefab
  artifactKey: Guid(5e5693e3913a3c845bca6ea2158757e6) Importer(815301076,1909f56bfc062723c751e8b465ee728b)
Start importing Assets/Coin.prefab using Guid(5e5693e3913a3c845bca6ea2158757e6) Importer(815301076,1909f56bfc062723c751e8b465ee728b)  -> (artifact id: '15dd8bed3c6bbd197c107ffafa99bf9d') in 0.017830 seconds
  Import took 0.020690 seconds .

========================================================================
Received Import Request.
  Time since last request: 3.683744 seconds.
  path: Assets/Coin.prefab
  artifactKey: Guid(5e5693e3913a3c845bca6ea2158757e6) Importer(815301076,1909f56bfc062723c751e8b465ee728b)
Start importing Assets/Coin.prefab using Guid(5e5693e3913a3c845bca6ea2158757e6) Importer(815301076,1909f56bfc062723c751e8b465ee728b)  -> (artifact id: '39d5c7a71029d4c6e7fd2ebb26b3ede1') in 0.014216 seconds
  Import took 0.018315 seconds .

========================================================================
Received Import Request.
  Time since last request: 0.010542 seconds.
  path: Assets/Coin.prefab
  artifactKey: Guid(5e5693e3913a3c845bca6ea2158757e6) Importer(815301076,1909f56bfc062723c751e8b465ee728b)
Start importing Assets/Coin.prefab using Guid(5e5693e3913a3c845bca6ea2158757e6) Importer(815301076,1909f56bfc062723c751e8b465ee728b)  -> (artifact id: '39d5c7a71029d4c6e7fd2ebb26b3ede1') in 0.013894 seconds
  Import took 0.016239 seconds .

========================================================================
Received Prepare
Registering precompiled user dll's ...
Registered in 0.000883 seconds.
Begin MonoManager ReloadAssembly
Native extension for WindowsStandalone target not found
Refreshing native plugins compatible for Editor in 0.25 ms, found 0 plugins.
Preloading 0 native plugins for Editor in 0.00 ms.
Mono: successfully reloaded assembly
- Completed reload, in  1.164 seconds
Platform modules already initialized, skipping
Refreshing native plugins compatible for Editor in 0.26 ms, found 0 plugins.
Preloading 0 native plugins for Editor in 0.00 ms.
Unloading 1115 Unused Serialized files (Serialized files now loaded: 0)
System memory in use before: 61.1 MB.
System memory in use after: 61.2 MB.

Unloading 5 unused Assets to reduce memory usage. Loaded Objects now: 1597.
Total: 2.263900 ms (FindLiveObjects: 0.399800 ms CreateObjectMapping: 0.050300 ms MarkObjects: 1.744500 ms  DeleteObjects: 0.067500 ms)

========================================================================
Received Import Request.
  Time since last request: 162.226139 seconds.
  path: Assets/Coin.prefab
  artifactKey: Guid(5e5693e3913a3c845bca6ea2158757e6) Importer(815301076,1909f56bfc062723c751e8b465ee728b)
Start importing Assets/Coin.prefab using Guid(5e5693e3913a3c845bca6ea2158757e6) Importer(815301076,1909f56bfc062723c751e8b465ee728b)  -> (artifact id: 'c3cdd0b828d25c3620ab49c439fc1f21') in 0.080499 seconds
  Import took 0.083674 seconds .

========================================================================
Received Import Request.
  Time since last request: 2.061555 seconds.
  path: Assets/Coin.prefab
  artifactKey: Guid(5e5693e3913a3c845bca6ea2158757e6) Importer(815301076,1909f56bfc062723c751e8b465ee728b)
Start importing Assets/Coin.prefab using Guid(5e5693e3913a3c845bca6ea2158757e6) Importer(815301076,1909f56bfc062723c751e8b465ee728b)  -> (artifact id: 'c3cdd0b828d25c3620ab49c439fc1f21') in 0.016461 seconds
  Import took 0.019002 seconds .

========================================================================
Received Prepare
Registering precompiled user dll's ...
Registered in 0.000828 seconds.
Begin MonoManager ReloadAssembly
Native extension for WindowsStandalone target not found
Refreshing native plugins compatible for Editor in 0.21 ms, found 0 plugins.
Preloading 0 native plugins for Editor in 0.00 ms.
Mono: successfully reloaded assembly
- Completed reload, in  0.861 seconds
Platform modules already initialized, skipping
Refreshing native plugins compatible for Editor in 0.24 ms, found 0 plugins.
Preloading 0 native plugins for Editor in 0.00 ms.
Unloading 1115 Unused Serialized files (Serialized files now loaded: 0)
System memory in use before: 61.2 MB.
System memory in use after: 61.2 MB.

Unloading 5 unused Assets to reduce memory usage. Loaded Objects now: 1601.
Total: 1.790400 ms (FindLiveObjects: 0.154100 ms CreateObjectMapping: 0.039400 ms MarkObjects: 1.482600 ms  DeleteObjects: 0.113300 ms)

========================================================================
Received Prepare
Registering precompiled user dll's ...
Registered in 0.000940 seconds.
Begin MonoManager ReloadAssembly
Native extension for WindowsStandalone target not found
Refreshing native plugins compatible for Editor in 0.26 ms, found 0 plugins.
Preloading 0 native plugins for Editor in 0.00 ms.
Mono: successfully reloaded assembly
- Completed reload, in  1.136 seconds
Platform modules already initialized, skipping
Refreshing native plugins compatible for Editor in 0.25 ms, found 0 plugins.
Preloading 0 native plugins for Editor in 0.00 ms.
Unloading 1115 Unused Serialized files (Serialized files now loaded: 0)
System memory in use before: 61.2 MB.
System memory in use after: 61.2 MB.

Unloading 5 unused Assets to reduce memory usage. Loaded Objects now: 1604.
Total: 7.484800 ms (FindLiveObjects: 0.166900 ms CreateObjectMapping: 0.052000 ms MarkObjects: 7.193600 ms  DeleteObjects: 0.070600 ms)

========================================================================
Received Prepare
Registering precompiled user dll's ...
Registered in 0.001806 seconds.
Begin MonoManager ReloadAssembly
Native extension for WindowsStandalone target not found
Refreshing native plugins compatible for Editor in 0.25 ms, found 0 plugins.
Preloading 0 native plugins for Editor in 0.00 ms.
Mono: successfully reloaded assembly
- Completed reload, in  1.185 seconds
Platform modules already initialized, skipping
Refreshing native plugins compatible for Editor in 0.31 ms, found 0 plugins.
Preloading 0 native plugins for Editor in 0.00 ms.
Unloading 1115 Unused Serialized files (Serialized files now loaded: 0)
System memory in use before: 61.2 MB.
System memory in use after: 61.2 MB.

Unloading 5 unused Assets to reduce memory usage. Loaded Objects now: 1607.
Total: 2.228200 ms (FindLiveObjects: 0.161200 ms CreateObjectMapping: 0.048700 ms MarkObjects: 1.949000 ms  DeleteObjects: 0.066700 ms)

========================================================================
Received Prepare
Refreshing native plugins compatible for Editor in 1.08 ms, found 0 plugins.
Preloading 0 native plugins for Editor in 0.00 ms.
Unloading 3 Unused Serialized files (Serialized files now loaded: 0)
System memory in use before: 39.1 MB.
System memory in use after: 39.2 MB.

Unloading 3 unused Assets to reduce memory usage. Loaded Objects now: 1607.
Total: 2.539700 ms (FindLiveObjects: 0.162000 ms CreateObjectMapping: 0.051800 ms MarkObjects: 2.242800 ms  DeleteObjects: 0.081700 ms)

AssetImportWorkerClient::OnTransportError - code=2 error=End of file
